<?xml version="1.0" encoding="UTF-8"?>
<!-- Generated by org.testng.reporters.JUnitReportReporter -->
<testsuite hostname="DESKTOP-QBLRO6P" failures="0" tests="5" name="nopcommerce.account.Account_01_Register" time="0.006" errors="0" timestamp="07 Aug 2024 04:53:48 GMT" skipped="0">
  <testcase classname="nopcommerce.account.Account_01_Register" name="Register_03_Invalid_Password" time="0.001"/>
  <testcase classname="nopcommerce.account.Account_01_Register" name="Register_02_Invalid_Email" time="0.000"/>
  <testcase classname="nopcommerce.account.Account_01_Register" name="Register_04_Incorrect_confirm_password" time="0.001"/>
  <testcase classname="nopcommerce.account.Account_01_Register" name="Register_05_Succesfull" time="0.001"/>
  <testcase classname="nopcommerce.account.Account_01_Register" name="Register_01_Empty_Data" time="0.003"/>
</testsuite> <!-- nopcommerce.account.Account_01_Register -->
